<?xml version="1.0" encoding="UTF-8"?>
<testng-results ignored="0" total="1" passed="1" failed="0" skipped="0">
  <reporter-output>
  </reporter-output>
  <suite started-at="2024-10-24T17:33:16 IST" name="Default suite" finished-at="2024-10-24T17:33:25 IST" duration-ms="8777">
    <groups>
    </groups>
    <test started-at="2024-10-24T17:33:16 IST" name="Default test" finished-at="2024-10-24T17:33:25 IST" duration-ms="8777">
      <class name="Seleniumpractice.ExtentTest">
        <test-method signature="testCase()[pri:0, instance:Seleniumpractice.ExtentTest@791f145a]" started-at="2024-10-24T17:33:16 IST" name="testCase" finished-at="2024-10-24T17:33:25 IST" duration-ms="8663" status="PASS">
          <reporter-output>
          </reporter-output>
        </test-method> <!-- testCase -->
      </class> <!-- Seleniumpractice.ExtentTest -->
    </test> <!-- Default test -->
  </suite> <!-- Default suite -->
</testng-results>
